"../../../Engine/Content/Animation/DefaultAnimCurveCompressionSettings.uasset" 0
"../../../Engine/Content/ArtTools/RenderToTexture/Enums/RenderToTexture_Enum.uasset" 1
"../../../Engine/Content/ArtTools/RenderToTexture/Enums/RenderToTexture_Flipbook_Enum.uasset" 2
"../../../Engine/Content/ArtTools/RenderToTexture/Enums/RenderToTexture_Imposter_Enum.uasset" 3
"../../../Engine/Content/EditorBlueprintResources/StandardMacros.uasset" 4
"../../../Engine/Content/ArtTools/RenderToTexture/Enums/EIntTypes.uasset" 5
"../../../Engine/Content/ArtTools/RenderToTexture/Macros/RenderToTextureFunctionLibrary.uasset" 6
"../../../Engine/Content/ArtTools/RenderToTexture/Enums/EFloatTypes.uasset" 7
"../../../Engine/Content/ArtTools/RenderToTexture/Macros/RenderToTextureMacros.uasset" 8
"../../../Engine/Content/Functions/Engine_MaterialFunctions01/Opacity/CameraDepthFade.uasset" 9
"../../../Engine/Content/EngineMaterials/T_Default_Material_Grid_M.uasset" 10
"../../../Engine/Content/EngineMaterials/T_Default_Material_Grid_N.uasset" 11
"../../../Engine/Content/EngineMaterials/WorldGridMaterial.uasset" 12
"../../../Engine/Content/ArtTools/RenderToTexture/Meshes/S_1_Unit_Plane.uasset" 13
"../../../Engine/Content/EngineMaterials/DefaultMaterial.uasset" 14
"../../../Engine/Content/BasicShapes/Cone.uasset" 15
"../../../Engine/Content/BasicShapes/Cylinder.uasset" 16
"../../../Engine/Content/BasicShapes/Plane.uasset" 17
"../../../Engine/Content/BasicShapes/Sphere.uasset" 18
"../../../Engine/Content/EngineMaterials/DefaultPhysicalMaterial.uasset" 19
"../../../Engine/Content/BufferVisualization/AmbientOcclusion.uasset" 20
"../../../Engine/Content/BufferVisualization/BaseColor.uasset" 21
"../../../Engine/Content/BufferVisualization/CustomDepth.uasset" 22
"../../../Engine/Content/Functions/Engine_MaterialFunctions02/Utility/VectorLength.uasset" 23
"../../../Engine/Content/BufferVisualization/CustomDepthWorldUnits.uasset" 24
"../../../Engine/Content/Functions/Engine_MaterialFunctions02/Utility/BreakOutFloat2Components.uasset" 25
"../../../Engine/Content/Functions/Engine_MaterialFunctions01/Texturing/ScaleUVsByCenter.uasset" 26
"../../../Engine/Content/Functions/Engine_MaterialFunctions02/ScreenResolution.uasset" 27
"../../../Engine/Content/Functions/Engine_MaterialFunctions02/Texturing/ScreenAlignedUVs.uasset" 28
"../../../Engine/Content/Functions/Engine_MaterialFunctions02/Utility/MakeFloat2.uasset" 29
"../../../Engine/Content/Functions/Engine_MaterialFunctions02/Utility/MakeFloat3.uasset" 30
"../../../Engine/Content/EngineMaterials/MiniFont.uasset" 31
"../../../Engine/Content/BufferVisualization/CustomStencil.uasset" 32
"../../../Engine/Content/BufferVisualization/FinalImage.uasset" 33
"../../../Engine/Content/BufferVisualization/LightingModel.uasset" 34
"../../../Engine/Content/BufferVisualization/MaterialAO.uasset" 35
"../../../Engine/Content/BufferVisualization/Metallic.uasset" 36
"../../../Engine/Content/BufferVisualization/Opacity.uasset" 37
"../../../Engine/Content/BufferVisualization/PostTonemapHDRColor.uasset" 38
"../../../Engine/Content/BufferVisualization/PreTonemapHDRColor.uasset" 39
"../../../Engine/Content/BufferVisualization/Roughness.uasset" 40
"../../../Engine/Content/BufferVisualization/SceneColor.uasset" 41
"../../../Engine/Content/BufferVisualization/SceneDepth.uasset" 42
"../../../Engine/Content/BufferVisualization/SceneDepthWorldUnits.uasset" 43
"../../../Engine/Content/BufferVisualization/SeparateTranslucencyA.uasset" 44
"../../../Engine/Content/BufferVisualization/SeparateTranslucencyRGB.uasset" 45
"../../../Engine/Content/BufferVisualization/Specular.uasset" 46
"../../../Engine/Content/BufferVisualization/SubsurfaceColor.uasset" 47
"../../../Engine/Content/BufferVisualization/Velocity.uasset" 48
"../../../Engine/Content/BufferVisualization/WorldNormal.uasset" 49
"../../../Engine/Content/EditorBlueprintResources/ActorMacros.uasset" 50
"../../../Engine/Content/EditorLandscapeResources/DataLayer.uasset" 51
"../../../Engine/Content/EditorLandscapeResources/DefaultAlphaTexture.uasset" 52
"../../../Engine/Content/EditorLandscapeResources/LandscapeGizmoHeight_Mat.uasset" 53
"../../../Engine/Content/EditorLandscapeResources/LandscapeGizmo_Mat.uasset" 54
"../../../Engine/Content/EditorLandscapeResources/LandscapeGizmo_Mat_Copied.uasset" 55
"../../../Engine/Content/EditorLandscapeResources/SplineEditorMeshMat.uasset" 56
"../../../Engine/Content/EditorLandscapeResources/SplineEditorMesh.uasset" 57
"../../../Engine/Content/EditorMaterials/Cross.uasset" 58
"../../../Engine/Content/EditorMaterials/Cross_Mat.uasset" 59
"../../../Engine/Content/EditorMaterials/GizmoMaterial.uasset" 60
"../../../Engine/Content/Functions/Engine_MaterialFunctions02/ExampleContent/Textures/flipbook.uasset" 61
"../../../Engine/Content/Functions/Engine_MaterialFunctions02/Texturing/FlipBook.uasset" 62
"../../../Engine/Content/Functions/Engine_MaterialFunctions02/Utility/Sign.uasset" 63
"../../../Engine/Content/Functions/Engine_MaterialFunctions02/Utility/Round.uasset" 64
"../../../Engine/Content/EditorResources/T_EditorHelp.uasset" 65
"../../../Engine/Content/EditorMaterials/HelpActorMaterial.uasset" 66
"../../../Engine/Content/EditorMaterials/CompositeARGBLayer.uasset" 67
"../../../Engine/Content/EditorMaterials/TilingAALineIntegral.uasset" 68
"../../../Engine/Content/EditorMaterials/TilingAALineBoxFiltered.uasset" 69
"../../../Engine/Content/Functions/Engine_MaterialFunctions03/Procedurals/ComputeFilterWidth.uasset" 70
"../../../Engine/Content/EditorMaterials/TilingAADots.uasset" 71
"../../../Engine/Content/EngineMaterials/BlendFunc_DefBase.uasset" 72
"../../../Engine/Content/EngineMaterials/BlendFunc_DefBlend.uasset" 73
"../../../Engine/Content/Functions/Engine_MaterialFunctions03/Blends/Blend_Screen.uasset" 74
"../../../Engine/Content/EditorMaterials/TilingAAGrid.uasset" 75
"../../../Engine/Content/EditorMaterials/LevelGridMaterial.uasset" 76
"../../../Engine/Content/EditorMaterials/MakeCompositeARGBLayer.uasset" 77
"../../../Engine/Content/EditorResources/LevelGrid1DStripes.uasset" 78
"../../../Engine/Content/EditorMaterials/TextureGridCascaded1D.uasset" 79
"../../../Engine/Content/EditorMaterials/TextureGridCascaded2D.uasset" 80
"../../../Engine/Content/EditorMaterials/LevelGridMaterial2.uasset" 81
"../../../Engine/Content/EditorMaterials/MAT_Groups_Toggle.uasset" 82
"../../../Engine/Content/EditorMaterials/MAT_Groups_Visibility.uasset" 83
"../../../Engine/Content/EditorMaterials/AntialiasedGridFloor.uasset" 84
"../../../Engine/Content/EditorResources/TilePatine_D.uasset" 85
"../../../Engine/Content/EditorResources/TilePatine_N.uasset" 86
"../../../Engine/Content/EngineMaterials/Grid.uasset" 87
"../../../Engine/Content/EditorMaterials/PersonaFloorMat.uasset" 88
"../../../Engine/Content/EditorMaterials/PhAT_BoneSelectedMaterial.uasset" 89
"../../../Engine/Content/EditorMaterials/PhAT_ElemSelectedMaterial.uasset" 90
"../../../Engine/Content/EditorMaterials/PhAT_NoCollisionMaterial.uasset" 91
"../../../Engine/Content/EditorMaterials/PhAT_UnselectedMaterial.uasset" 92
"../../../Engine/Content/EditorMaterials/PreviewShadowIndicator.uasset" 93
"../../../Engine/Content/EditorMaterials/PreviewShadowIndicatorMaterial.uasset" 94
"../../../Engine/Content/EditorMaterials/TargetIcon.uasset" 95
"../../../Engine/Content/EditorMaterials/Tick.uasset" 96
"../../../Engine/Content/EditorMaterials/Tick_Mat.uasset" 97
"../../../Engine/Content/EditorMaterials/WidgetGridVertexColorMaterial.uasset" 98
"../../../Engine/Content/EditorMaterials/WidgetGridVertexColorMaterial_Ma.uasset" 99
"../../../Engine/Content/EditorMaterials/WidgetMaterial.uasset" 100
"../../../Engine/Content/EditorMaterials/WidgetMaterial_Current.uasset" 101
"../../../Engine/Content/EditorMaterials/WidgetMaterial_X.uasset" 102
"../../../Engine/Content/EditorMaterials/WidgetMaterial_Y.uasset" 103
"../../../Engine/Content/EditorMaterials/WidgetMaterial_Z.uasset" 104
"../../../Engine/Content/EditorMaterials/WidgetVertexColorMaterial.uasset" 105
"../../../Engine/Content/EditorMaterials/AssetViewer/EpicQuadPanorama_CC+EV1.uasset" 106
"../../../Engine/Content/MapTemplates/Sky/SunsetAmbientCubemap.uasset" 107
"../../../Engine/Content/EditorMaterials/AssetViewer/M_SkyBox.uasset" 108
"../../../Engine/Content/EditorMaterials/MatineeGroups/MAT_ColorTrack.uasset" 109
"../../../Engine/Content/EditorMaterials/MatineeGroups/MAT_Groups_Anim.uasset" 110
"../../../Engine/Content/EditorMaterials/MatineeGroups/MAT_Groups_AudioMaster.uasset" 111
"../../../Engine/Content/EditorMaterials/MatineeGroups/MAT_Groups_Director.uasset" 112
"../../../Engine/Content/EditorMaterials/MatineeGroups/MAT_Groups_Event.uasset" 113
"../../../Engine/Content/EditorMaterials/MatineeGroups/MAT_Groups_Fade.uasset" 114
"../../../Engine/Content/EditorMaterials/MatineeGroups/MAT_Groups_Float.uasset" 115
"../../../Engine/Content/EditorMaterials/MatineeGroups/MAT_Groups_Move.uasset" 116
"../../../Engine/Content/EditorMaterials/MatineeGroups/MAT_Groups_Slomo.uasset" 117
"../../../Engine/Content/EditorMaterials/MatineeGroups/MAT_Groups_Sound.uasset" 118
"../../../Engine/Content/EditorMaterials/MatineeGroups/MAT_Groups_Vector.uasset" 119
"../../../Engine/Content/EditorMaterials/ParticleSystems/PSysThumbnail_NoImage.uasset" 120
"../../../Engine/Content/EditorMaterials/ParticleSystems/PSysThumbnail_OOD.uasset" 121
"../../../Engine/Content/EditorMaterials/Thumbnails/FloorPlaneMaterial.uasset" 122
"../../../Engine/Content/EditorMeshes/EditorCube.uasset" 123
"../../../Engine/Content/EditorMeshes/EditorCylinder.uasset" 124
"../../../Engine/Content/EditorMeshes/EditorPlane.uasset" 125
"../../../Engine/Content/EditorMaterials/Thumbnails/SkySphereMaterial.uasset" 126
"../../../Engine/Content/EditorMeshes/EditorSkySphere.uasset" 127
"../../../Engine/Content/EditorMeshes/EditorSphere.uasset" 128
"../../../Engine/Content/EditorResources/MatineeCam_D.uasset" 129
"../../../Engine/Content/EditorMaterials/MatineeCam_mat.uasset" 130
"../../../Engine/Content/EditorMeshes/MatineeCam_SM.uasset" 131
"../../../Engine/Content/Functions/Engine_MaterialFunctions01/Shading/ConvertFromDiffSpec.uasset" 132
"../../../Engine/Content/EditorMaterials/GridMaterial.uasset" 133
"../../../Engine/Content/EditorMeshes/PhAT_FloorBox.uasset" 134
"../../../Engine/Content/EditorMeshes/PlanarReflectionPlane.uasset" 135
"../../../Engine/Content/EditorMeshes/AssetViewer/Floor_Mesh.uasset" 136
"../../../Engine/Content/EditorMeshes/AssetViewer/Sphere_inversenormals.uasset" 137
"../../../Engine/Content/EditorMaterials/Camera/CineMat.uasset" 138
"../../../Engine/Content/EditorMaterials/Camera/MI_CineMat_CameraBody.uasset" 139
"../../../Engine/Content/EngineDebugMaterials/M_SimpleOpaque.uasset" 140
"../../../Engine/Content/EditorMaterials/Camera/MI_CineMat_CamViewFinder.uasset" 141
"../../../Engine/Content/EditorMeshes/Camera/SM_CineCam.uasset" 142
"../../../Engine/Content/EditorMaterials/Camera/MI_CineMat_Rig.uasset" 143
"../../../Engine/Content/EditorMeshes/Camera/SM_CraneRig_Arm.uasset" 144
"../../../Engine/Content/EditorMeshes/Camera/SM_CraneRig_Base.uasset" 145
"../../../Engine/Content/EditorMeshes/Camera/SM_CraneRig_Body.uasset" 146
"../../../Engine/Content/EditorMeshes/Camera/SM_CraneRig_Mount.uasset" 147
"../../../Engine/Content/EditorMeshes/Camera/SM_RailRig_Mount.uasset" 148
"../../../Engine/Content/EditorMeshes/Camera/SM_RailRig_Track.uasset" 149
"../../../Engine/Content/EditorMeshes/ColorCalibrator/M_ChromeBall.uasset" 150
"../../../Engine/Content/EditorResources/Bad.uasset" 151
"../../../Engine/Content/EditorResources/BSPVertex.uasset" 152
"../../../Engine/Content/EditorResources/EmptyActor.uasset" 153
"../../../Engine/Content/EditorResources/MatInstActSprite.uasset" 154
"../../../Engine/Content/EditorResources/SceneManager.uasset" 155
"../../../Engine/Content/EditorResources/SmallFont.uasset" 156
"../../../Engine/Content/EditorResources/S_Actor.uasset" 157
"../../../Engine/Content/EditorResources/S_DecalActorIcon.uasset" 158
"../../../Engine/Content/EditorResources/S_Emitter.uasset" 159
"../../../Engine/Content/EditorResources/S_ExpoHeightFog.uasset" 160
"../../../Engine/Content/EditorResources/S_FTest.uasset" 161
"../../../Engine/Content/EditorResources/S_KBSJoint.uasset" 162
"../../../Engine/Content/EditorResources/S_KHinge.uasset" 163
"../../../Engine/Content/EditorResources/S_KPrismatic.uasset" 164
"../../../Engine/Content/EditorResources/S_LevelSequence.uasset" 165
"../../../Engine/Content/EditorResources/S_NavP.uasset" 166
"../../../Engine/Content/EditorResources/S_Note.uasset" 167
"../../../Engine/Content/EditorResources/S_Player.uasset" 168
"../../../Engine/Content/EditorResources/S_PortalActorIcon2.uasset" 169
"../../../Engine/Content/EditorResources/S_RadForce.uasset" 170
"../../../Engine/Content/EditorResources/S_ReflActorIcon.uasset" 171
"../../../Engine/Content/EditorResources/S_Solver.uasset" 172
"../../../Engine/Content/EditorResources/S_Terrain.uasset" 173
"../../../Engine/Content/EditorResources/S_TextRenderActorIcon.uasset" 174
"../../../Engine/Content/EditorResources/S_Thruster.uasset" 175
"../../../Engine/Content/EditorResources/S_Trigger.uasset" 176
"../../../Engine/Content/EditorResources/S_VectorFieldVol.uasset" 177
"../../../Engine/Content/EditorResources/S_WindDirectional.uasset" 178
"../../../Engine/Content/EditorResources/AI/S_NavLink.uasset" 179
"../../../Engine/Content/EditorResources/LightIcons/SkyLight.uasset" 180
"../../../Engine/Content/EditorResources/LightIcons/S_LightDirectional.uasset" 181
"../../../Engine/Content/EditorResources/LightIcons/S_LightDirectionalMove.uasset" 182
"../../../Engine/Content/EditorResources/LightIcons/S_LightError.uasset" 183
"../../../Engine/Content/EditorResources/LightIcons/S_LightPoint.uasset" 184
"../../../Engine/Content/EditorResources/LightIcons/S_LightPointMove.uasset" 185
"../../../Engine/Content/EditorResources/LightIcons/S_LightSpot.uasset" 186
"../../../Engine/Content/EditorResources/LightIcons/S_LightSpotMove.uasset" 187
"../../../Engine/Content/EditorResources/SequenceRecorder/Countdown.uasset" 188
"../../../Engine/Content/EditorResources/SequenceRecorder/RecordingIndicator.uasset" 189
"../../../Engine/Content/EditorResources/Spline/T_Loft_Spline.uasset" 190
"../../../Engine/Content/EditorSounds/Notifications/CompileFailed.uasset" 191
"../../../Engine/Content/EditorSounds/Notifications/CompileFailed_Cue.uasset" 192
"../../../Engine/Content/EditorSounds/Notifications/CompileSuccess.uasset" 193
"../../../Engine/Content/EditorSounds/Notifications/CompileStart_Cue.uasset" 194
"../../../Engine/Content/EditorSounds/Notifications/CompileSuccess_Cue.uasset" 195
"../../../Engine/Content/EngineDamageTypes/DmgTypeBP_Environmental.uasset" 196
"../../../Engine/Content/EngineDebugMaterials/HeatmapGradient.uasset" 197
"../../../Engine/Content/EngineDebugMaterials/BoneWeightMaterial.uasset" 198
"../../../Engine/Content/EngineDebugMaterials/ClothMaterial.uasset" 199
"../../../Engine/Content/EngineDebugMaterials/ClothMaterial_WF.uasset" 200
"../../../Engine/Content/EngineDebugMaterials/DebugEditorMaterial.uasset" 201
"../../../Engine/Content/EngineDebugMaterials/DebugMeshMaterial.uasset" 202
"../../../Engine/Content/EngineDebugMaterials/GeomMaterial.uasset" 203
"../../../Engine/Content/EngineDebugMaterials/LevelColorationLitMaterial.uasset" 204
"../../../Engine/Content/EngineDebugMaterials/LevelColorationUnlitMaterial.uasset" 205
"../../../Engine/Content/EngineMaterials/DefaultWhiteGrid.uasset" 206
"../../../Engine/Content/EngineDebugMaterials/MAT_LevelColorationLitLightmapUV.uasset" 207
"../../../Engine/Content/EngineDebugMaterials/M_SimpleTranslucent.uasset" 208
"../../../Engine/Content/Functions/Engine_MaterialFunctions02/Utility/CameraDirectionVector.uasset" 209
"../../../Engine/Content/EngineDebugMaterials/VolumeToRender.uasset" 210
"../../../Engine/Content/EngineDebugMaterials/M_VolumeRenderSphereTracePP.uasset" 211
"../../../Engine/Content/EngineDebugMaterials/ShadedLevelColorationLitMaterial.uasset" 212
"../../../Engine/Content/EngineDebugMaterials/ShadedLevelColorationUnlitMateri.uasset" 213
"../../../Engine/Content/EngineDebugMaterials/VertexColorMaterial.uasset" 214
"../../../Engine/Content/EngineDebugMaterials/VertexColorViewMode_AlphaAsColor.uasset" 215
"../../../Engine/Content/EngineDebugMaterials/VertexColorViewMode_BlueOnly.uasset" 216
"../../../Engine/Content/EngineDebugMaterials/VertexColorViewMode_ColorOnly.uasset" 217
"../../../Engine/Content/EngineDebugMaterials/VertexColorViewMode_GreenOnly.uasset" 218
"../../../Engine/Content/EngineDebugMaterials/VertexColorViewMode_RedOnly.uasset" 219
"../../../Engine/Content/EngineDebugMaterials/WireframeMaterial.uasset" 220
"../../../Engine/Content/EngineFonts/Faces/RobotoBold.uasset" 221
"../../../Engine/Content/EngineFonts/Faces/RobotoBoldItalic.uasset" 222
"../../../Engine/Content/EngineFonts/Faces/RobotoItalic.uasset" 223
"../../../Engine/Content/EngineFonts/Faces/RobotoLight.uasset" 224
"../../../Engine/Content/EngineFonts/Faces/RobotoRegular.uasset" 225
"../../../Engine/Content/EngineFonts/Roboto.uasset" 226
"../../../Engine/Content/EngineFonts/Faces/RobotoTiny.uasset" 227
"../../../Engine/Content/EngineFonts/RobotoTiny.uasset" 228
"../../../Engine/Content/EngineFonts/SmallFont.uasset" 229
"../../../Engine/Content/EngineFonts/TinyFont.uasset" 230
"../../../Engine/Content/EngineMaterials/BaseFlattenDiffuseMap.uasset" 231
"../../../Engine/Content/EngineMaterials/BaseFlattenEmissiveMap.uasset" 232
"../../../Engine/Content/EngineMaterials/BaseFlattenGrayscaleMap.uasset" 233
"../../../Engine/Content/EngineMaterials/BaseFlattenNormalMap.uasset" 234
"../../../Engine/Content/EngineMaterials/BaseFlattenMaterial.uasset" 235
"../../../Engine/Content/EngineResources/WhiteSquareTexture.uasset" 236
"../../../Engine/Content/EngineMaterials/BlinkingCaret.uasset" 237
"../../../Engine/Content/EngineMaterials/BlueNoise.uasset" 238
"../../../Engine/Content/EngineMaterials/DefaultBloomKernel.uasset" 239
"../../../Engine/Content/EngineMaterials/DefaultBokeh.uasset" 240
"../../../Engine/Content/EngineMaterials/DefaultDiffuse.uasset" 241
"../../../Engine/Content/EngineMaterials/DefaultDeferredDecalMaterial.uasset" 242
"../../../Engine/Content/EngineMaterials/DefaultLightFunctionMaterial.uasset" 243
"../../../Engine/Content/EngineMaterials/DefaultNormal.uasset" 244
"../../../Engine/Content/EngineMaterials/DefaultPostProcessMaterial.uasset" 245
"../../../Engine/Content/EngineFonts/RobotoDistanceField.uasset" 246
"../../../Engine/Content/EngineMaterials/DefaultTextMaterialOpaque.uasset" 247
"../../../Engine/Content/EngineMaterials/DefaultVirtualTextureMaterial.uasset" 248
"../../../Engine/Content/EngineMaterials/EditorBrushMaterial.uasset" 249
"../../../Engine/Content/EngineMaterials/DefaultWhiteGrid_Low.uasset" 250
"../../../Engine/Content/EngineMaterials/EmissiveMeshMaterial.uasset" 251
"../../../Engine/Content/EngineMaterials/Good64x64TilingNoiseHighFreq.uasset" 252
"../../../Engine/Content/EngineMaterials/Grid_N.uasset" 253
"../../../Engine/Content/EngineMaterials/HighResolutionScreenshotMaskFunction.uasset" 254
"../../../Engine/Content/EngineMaterials/HighResScreenshot.uasset" 255
"../../../Engine/Content/EngineMaterials/HighResScreenshotCaptureRegion.uasset" 256
"../../../Engine/Content/EngineMaterials/HighResScreenshotMask.uasset" 257
"../../../Engine/Content/EngineMaterials/LandscapeHolePhysicalMaterial.uasset" 258
"../../../Engine/Content/EngineMaterials/InvalidLightmapSettings.uasset" 259
"../../../Engine/Content/EngineMaterials/M_InvalidLightmapSettings.uasset" 260
"../../../Engine/Content/EngineMaterials/PaperDiffuse.uasset" 261
"../../../Engine/Content/EngineMaterials/PaperNormal.uasset" 262
"../../../Engine/Content/Functions/Engine_MaterialFunctions02/WorldPositionOffset/CameraOffset.uasset" 263
"../../../Engine/Content/EngineMaterials/PhAT_JointLimitMaterial.uasset" 264
"../../../Engine/Content/EngineMaterials/PhysMat_Rubber.uasset" 265
"../../../Engine/Content/EngineMaterials/PreintegratedSkinBRDF.uasset" 266
"../../../Engine/Content/EngineMaterials/RemoveSurfaceMaterial.uasset" 267
"../../../Engine/Content/EngineMaterials/WeightMapPlaceholderTexture.uasset" 268
"../../../Engine/Content/EngineMaterials/Widget3DPassThrough.uasset" 269
"../../../Engine/Content/EngineMaterials/Widget3DPassThrough_Masked.uasset" 270
"../../../Engine/Content/EngineMaterials/Widget3DPassThrough_Opaque.uasset" 271
"../../../Engine/Content/EngineMaterials/Widget3DPassThrough_Masked_OneSided.uasset" 272
"../../../Engine/Content/EngineMaterials/Widget3DPassThrough_Opaque_OneSided.uasset" 273
"../../../Engine/Content/EngineMaterials/Widget3DPassThrough_Translucent.uasset" 274
"../../../Engine/Content/EngineMaterials/Widget3DPassThrough_Translucent_OneSided.uasset" 275
"../../../Engine/Content/EngineMeshes/Cylinder.uasset" 276
"../../../Engine/Content/EngineMeshes/Sphere.uasset" 277
"../../../Engine/Content/EngineResources/Black.uasset" 278
"../../../Engine/Content/EngineResources/DefaultTexture.uasset" 279
"../../../Engine/Content/EngineResources/DefaultTextureCube.uasset" 280
"../../../Engine/Content/EngineResources/DefaultVolumeTexture2D.uasset" 281
"../../../Engine/Content/EngineResources/DefaultVolumeTexture.uasset" 282
"../../../Engine/Content/EngineResources/GradientTexture0.uasset" 283
"../../../Engine/Content/EngineResources/StreamingPauseIcon.uasset" 284
"../../../Engine/Content/EngineResources/M_StreamingPause.uasset" 285
"../../../Engine/Content/EngineSounds/Master.uasset" 286
"../../../Engine/Content/Functions/Engine_MaterialFunctions01/Shading/PowerToRoughness.uasset" 287
"../../../Engine/Content/Maps/Templates/Thumbnails/Default.uasset" 288
"../../../Engine/Content/Maps/Templates/Thumbnails/VR-Basic.uasset" 289
"../../../Engine/Content/MobileResources/T_MobileControls_texture.uasset" 290
"../../../Engine/Content/MobileResources/T_MobileMenu2.uasset" 291
"../../../Engine/Content/MobileResources/HUD/AnalogHat.uasset" 292
"../../../Engine/Content/MobileResources/HUD/VirtualJoystick_Background.uasset" 293
"../../../Engine/Content/MobileResources/HUD/VirtualJoystick_Thumb.uasset" 294
"../../../Engine/Content/MobileResources/HUD/DefaultVirtualJoysticks.uasset" 295
"../../../Engine/Content/MobileResources/HUD/LeftVirtualJoystickOnly.uasset" 296
"../../../Engine/Content/MobileResources/HUD/MobileHUDButton1_off.uasset" 297
"../../../Engine/Content/MobileResources/HUD/MobileHUDButton1_on.uasset" 298
"../../../Engine/Content/MobileResources/HUD/MobileHUDButton2_off.uasset" 299
"../../../Engine/Content/MobileResources/HUD/MobileHUDButton2_on.uasset" 300
"../../../Engine/Content/MobileResources/HUD/MobileHUDButton3.uasset" 301
"../../../Engine/Content/MobileResources/HUD/MobileHUDButtonFire.uasset" 302
"../../../Engine/Content/MobileResources/HUD/MobileHUDDirectionPad.uasset" 303
"../../../Engine/Content/MobileResources/HUD/MobileHUDDirectionPad2.uasset" 304
"../../../Engine/Content/MobileResources/HUD/MobileHUDDirectionPad3.uasset" 305
"../../../Engine/Content/MobileResources/HUD/MobileHUDDirectionStick.uasset" 306
"../../../Engine/Content/MobileResources/HUD/T_Castle_ThumbstickInner.uasset" 307
"../../../Engine/Content/MobileResources/HUD/T_Castle_ThumbstickOutter.uasset" 308
"../../../Engine/Content/Tutorial/ContentIntroCurve.uasset" 309
"../../../Engine/Content/Tutorial/Basics/LevelEditorAttract.uasset" 310
"../../../Engine/Content/Tutorial/Basics/TutorialAssets/icon_tab_Levels_40x.uasset" 311
"../../../Engine/Content/Tutorial/Basics/LevelEditorOverview.uasset" 312
"../../../Engine/Content/Tutorial/BlueprintTutorials/TutorialAssets/Blueprint_64x.uasset" 313
"../../../Engine/Content/Tutorial/BlueprintTutorials/BlueprintEditorTutorial.uasset" 314
"../../../Engine/Content/Tutorial/Installation/InstallingVisualStudioTutorial.uasset" 315
"../../../Engine/Content/Tutorial/Landscape/TutorialAssets/Landscape.uasset" 316
"../../../Engine/Content/Tutorial/Landscape/LandscapeWalkThrough.uasset" 317
"../../../Engine/Content/Tutorial/Landscape/Landscape_Manage_Mode.uasset" 318
"../../../Engine/Content/Tutorial/Landscape/Landscape_Painting_Mode.uasset" 319
"../../../Engine/Content/Tutorial/Landscape/Landscape_Sculpt_Mode.uasset" 320
"../../../Engine/Content/VREditor/LaserPointer/VR_LaserPower_01.uasset" 321
"../../../Engine/Content/VREditor/TransformGizmo/TransformGizmoMaterial.uasset" 322
"../../../Engine/Content/VREditor/TransformGizmo/TranslucentTransformGizmoMaterial.uasset" 323
"../../../Engine/Content/VREditor/TransformGizmo/BoundingBoxCorner.uasset" 324
"../../../Engine/Content/VREditor/TransformGizmo/BoundingBoxEdge.uasset" 325
"../../../Engine/Content/VREditor/TransformGizmo/PlaneTranslationHandle.uasset" 326
"../../../Engine/Content/VREditor/TransformGizmo/Main.uasset" 327
"../../../Engine/Content/VREditor/TransformGizmo/Xray.uasset" 328
"../../../Engine/Content/VREditor/TransformGizmo/SM_Sequencer_Key.uasset" 329
"../../../Engine/Content/VREditor/TransformGizmo/SM_Sequencer_Node.uasset" 330
"../../../../../../Unreal Projects/ProjectLevMyts/Content/Ai/AItp.uasset" 331
"../../../../../../Unreal Projects/ProjectLevMyts/Content/Assets/AnimStarterPack/UE4_Mannequin/Mesh/mainskeleton.uasset" 332
"../../../../../../Unreal Projects/ProjectLevMyts/Content/Assets/AnimStarterPack/Crouch_Idle_Rifle_Hip.uasset" 333
"../../../../../../Unreal Projects/ProjectLevMyts/Content/Assets/AnimStarterPack/Idle_Rifle_Hip.uasset" 334
"../../../../../../Unreal Projects/ProjectLevMyts/Content/Assets/AnimStarterPack/Jog_Bwd_Rifle.uasset" 335
"../../../../../../Unreal Projects/ProjectLevMyts/Content/Assets/AnimStarterPack/Jog_Fwd_Rifle.uasset" 336
"../../../../../../Unreal Projects/ProjectLevMyts/Content/Assets/PParagonr/Idle.uasset" 337
"../../../../../../Unreal Projects/ProjectLevMyts/Content/Assets/Animations/bSFORMOVEMENT.uasset" 338
"../../../../../../Unreal Projects/ProjectLevMyts/Content/Assets/Animations/MainanimBP.uasset" 339
"../../../../../../Unreal Projects/ProjectLevMyts/Content/Assets/PParagonr/Attack_GuardBreak_A.uasset" 340
"../../../../../../Unreal Projects/ProjectLevMyts/Content/Assets/PParagonr/Thebestattack.uasset" 341
"../../../../../../Unreal Projects/ProjectLevMyts/Content/Dwnld/Mannequin/Character/Mesh/UE4_Mannequin_Skeleton.uasset" 342
"../../../../../../Unreal Projects/ProjectLevMyts/Content/Dwnld/Mannequin/Animations/ThirdPersonIdle.uasset" 343
"../../../../../../Unreal Projects/ProjectLevMyts/Content/Dwnld/Mannequin/Animations/ThirdPersonRun.uasset" 344
"../../../../../../Unreal Projects/ProjectLevMyts/Content/Dwnld/Mannequin/Animations/ThirdPersonWalk.uasset" 345
"../../../../../../Unreal Projects/ProjectLevMyts/Content/Dwnld/Mannequin/Animations/ThirdPerson_IdleRun_2D.uasset" 346
"../../../../../../Unreal Projects/ProjectLevMyts/Content/comps/Biologic.uasset" 347
"../../../../../../Unreal Projects/ProjectLevMyts/Content/Dwnld/StarterContent/Materials/M_Glass.uasset" 348
"../../../../../../Unreal Projects/ProjectLevMyts/Content/Dwnld/StarterContent/Textures/T_Door_M.uasset" 349
"../../../../../../Unreal Projects/ProjectLevMyts/Content/Dwnld/StarterContent/Textures/T_Door_N.uasset" 350
"../../../../../../Unreal Projects/ProjectLevMyts/Content/Dwnld/StarterContent/Props/Materials/M_Door.uasset" 351
"../../../../../../Unreal Projects/ProjectLevMyts/Content/Dwnld/StarterContent/Props/SM_Door.uasset" 352
"../../../../../../Unreal Projects/ProjectLevMyts/Content/Dwnld/StarterContent/Textures/T_Frame_M.uasset" 353
"../../../../../../Unreal Projects/ProjectLevMyts/Content/Dwnld/StarterContent/Textures/T_Frame_N.uasset" 354
"../../../../../../Unreal Projects/ProjectLevMyts/Content/Dwnld/StarterContent/Props/Materials/M_Frame.uasset" 355
"../../../../../../Unreal Projects/ProjectLevMyts/Content/Dwnld/StarterContent/Props/SM_DoorFrame.uasset" 356
"../../../../../../Unreal Projects/ProjectLevMyts/Content/interact/doorbase.uasset" 357
"../../../../../../Unreal Projects/ProjectLevMyts/Content/Dwnld/StarterContent/Materials/M_AssetPlatform.uasset" 358
"../../../../../../Unreal Projects/ProjectLevMyts/Content/Dwnld/StarterContent/Architecture/SM_AssetPlatform.uasset" 359
"../../../../../../Unreal Projects/ProjectLevMyts/Content/interact/elevator.uasset" 360
"../../../../../../Unreal Projects/ProjectLevMyts/Content/interact/Win.uasset" 361
"../../../../../../Unreal Projects/ProjectLevMyts/Content/Dwnld/FirstPerson/Meshes/BaseMaterial.uasset" 362
"../../../../../../Unreal Projects/ProjectLevMyts/Content/Dwnld/FirstPerson/Meshes/FirstPersonProjectileMaterial.uasset" 363
"../../../../../../Unreal Projects/ProjectLevMyts/Content/Dwnld/FirstPerson/Meshes/FirstPersonProjectileMesh.uasset" 364
"../../../../../../Unreal Projects/ProjectLevMyts/Content/Dwnld/StarterContent/Audio/Explosion_Cue.uasset" 365
"../../../../../../Unreal Projects/ProjectLevMyts/Content/Dwnld/StarterContent/Textures/T_Burst_M.uasset" 366
"../../../../../../Unreal Projects/ProjectLevMyts/Content/Dwnld/StarterContent/Particles/Materials/M_Burst.uasset" 367
"../../../../../../Unreal Projects/ProjectLevMyts/Content/Dwnld/StarterContent/Textures/T_Explosion_SubUV.uasset" 368
"../../../../../../Unreal Projects/ProjectLevMyts/Content/Dwnld/StarterContent/Particles/Materials/M_explosion_subUV.uasset" 369
"../../../../../../Unreal Projects/ProjectLevMyts/Content/Dwnld/StarterContent/Particles/Materials/m_flare_01.uasset" 370
"../../../Engine/Content/Functions/Engine_MaterialFunctions01/Gradient/RadialGradient.uasset" 371
"../../../../../../Unreal Projects/ProjectLevMyts/Content/Dwnld/StarterContent/Particles/Materials/M_radial_ramp.uasset" 372
"../../../../../../Unreal Projects/ProjectLevMyts/Content/Dwnld/StarterContent/Textures/T_Smoke_SubUV.uasset" 373
"../../../../../../Unreal Projects/ProjectLevMyts/Content/Dwnld/StarterContent/Textures/T_Smoke_Tiled_D.uasset" 374
"../../../../../../Unreal Projects/ProjectLevMyts/Content/Dwnld/StarterContent/Particles/Materials/M_smoke_subUV.uasset" 375
"../../../../../../Unreal Projects/ProjectLevMyts/Content/Dwnld/StarterContent/Particles/P_Explosion.uasset" 376
"../../../../../../Unreal Projects/ProjectLevMyts/Content/Weapon/Bullet.uasset" 377
"../../../Engine/Content/Functions/Engine_MaterialFunctions02/Utility/BlendAngleCorrectedNormals.uasset" 378
"../../../Engine/Content/Functions/MaterialLayerFunctions/MatLayerBlend_NormalBlend.uasset" 379
"../../../Engine/Content/Functions/MaterialLayerFunctions/MatLayerBlend_Simple.uasset" 380
"../../../../../../Unreal Projects/ProjectLevMyts/Content/Dwnld/FirstPerson/FPWeapon/Materials/MaterialLayers/T_ML_Rubber_Blue_01_D.uasset" 381
"../../../../../../Unreal Projects/ProjectLevMyts/Content/Dwnld/FirstPerson/FPWeapon/Materials/MaterialLayers/T_ML_Rubber_Blue_01_N.uasset" 382
"../../../../../../Unreal Projects/ProjectLevMyts/Content/Dwnld/FirstPerson/FPWeapon/Materials/MaterialLayers/ML_GlossyBlack_Latex_UE4.uasset" 383
"../../../../../../Unreal Projects/ProjectLevMyts/Content/Dwnld/FirstPerson/FPWeapon/Materials/MaterialLayers/ML_Plastic_Shiny_Beige.uasset" 384
"../../../../../../Unreal Projects/ProjectLevMyts/Content/Dwnld/FirstPerson/FPWeapon/Materials/MaterialLayers/ML_Screen.uasset" 385
"../../../../../../Unreal Projects/ProjectLevMyts/Content/Dwnld/FirstPerson/FPWeapon/Materials/MaterialLayers/T_ML_Aluminum01.uasset" 386
"../../../../../../Unreal Projects/ProjectLevMyts/Content/Dwnld/FirstPerson/FPWeapon/Materials/MaterialLayers/T_ML_Aluminum01_N.uasset" 387
"../../../../../../Unreal Projects/ProjectLevMyts/Content/Dwnld/FirstPerson/FPWeapon/Materials/MaterialLayers/ML_SoftMetal_UE4.uasset" 388
"../../../../../../Unreal Projects/ProjectLevMyts/Content/Dwnld/FirstPerson/FPWeapon/Textures/T_FPGun_M.uasset" 389
"../../../../../../Unreal Projects/ProjectLevMyts/Content/Dwnld/FirstPerson/FPWeapon/Textures/T_FPGun_N.uasset" 390
"../../../../../../Unreal Projects/ProjectLevMyts/Content/Dwnld/FirstPerson/FPWeapon/Materials/M_FPGun.uasset" 391
"../../../../../../Unreal Projects/ProjectLevMyts/Content/Dwnld/FirstPerson/FPWeapon/Mesh/SK_FPGun_PhysicsAsset.uasset" 392
"../../../../../../Unreal Projects/ProjectLevMyts/Content/Dwnld/FirstPerson/FPWeapon/Mesh/SK_FPGun_Skeleton.uasset" 393
"../../../../../../Unreal Projects/ProjectLevMyts/Content/Dwnld/FirstPerson/FPWeapon/Mesh/SK_FPGun.uasset" 394
"../../../../../../Unreal Projects/ProjectLevMyts/Content/Weapon/Gun.uasset" 395
"../../../Engine/Content/MapTemplates/Sky/DaylightAmbientCubemap.uasset" 396
"../../../../../../Unreal Projects/ProjectLevMyts/Content/Dwnld/StarterContent/Blueprints/Assets/M_LightStage_Skybox_Master.uasset" 397
"../../../../../../Unreal Projects/ProjectLevMyts/Content/Dwnld/StarterContent/Blueprints/Assets/M_LightStage_Skybox_HDRI.uasset" 398
"../../../../../../Unreal Projects/ProjectLevMyts/Content/InfinityBladeWeapons/Weapons/Dual_Blade/Dual_Blade_Tech/T_Dual_Blade_Tech1_D.uasset" 399
"../../../../../../Unreal Projects/ProjectLevMyts/Content/InfinityBladeWeapons/Weapons/Dual_Blade/Dual_Blade_Tech/T_Dual_Blade_Tech1_M.uasset" 400
"../../../../../../Unreal Projects/ProjectLevMyts/Content/InfinityBladeWeapons/Weapons/Dual_Blade/Dual_Blade_Tech/T_Dual_Blade_Tech1_N.uasset" 401
"../../../../../../Unreal Projects/ProjectLevMyts/Content/InfinityBladeWeapons/Weapons/Dual_Blade/Dual_Blade_Tech/T_Dual_Blade_Tech2_D.uasset" 402
"../../../../../../Unreal Projects/ProjectLevMyts/Content/InfinityBladeWeapons/Weapons/Dual_Blade/Dual_Blade_Tech/T_Dual_Blade_Tech2_M.uasset" 403
"../../../../../../Unreal Projects/ProjectLevMyts/Content/InfinityBladeWeapons/Weapons/Dual_Blade/Dual_Blade_Tech/T_Dual_Blade_Tech2_N.uasset" 404
"../../../../../../Unreal Projects/ProjectLevMyts/Content/InfinityBladeWeapons/Weapons/Dual_Blade/Dual_Blade_Tech/M_Dual_Blade_Tech.uasset" 405
"../../../../../../Unreal Projects/ProjectLevMyts/Content/InfinityBladeWeapons/Weapons/Dual_Blade/Dual_Blade_Tech/SK_Dual_Blade_Tech_Skeleton.uasset" 406
"../../../../../../Unreal Projects/ProjectLevMyts/Content/InfinityBladeWeapons/Weapons/Dual_Blade/Dual_Blade_Tech/SK_Dual_Blade_Tech.uasset" 407
"../../../../../../Unreal Projects/ProjectLevMyts/Content/Weapon/mele.uasset" 408
"../../../../../../Unreal Projects/ProjectLevMyts/Content/InfinityBladeWeapons/Weapons/Blade/Swords/Blade_HeroSword11/T_Blade_HeroSword_011_D.uasset" 409
"../../../../../../Unreal Projects/ProjectLevMyts/Content/InfinityBladeWeapons/Weapons/Blade/Swords/Blade_HeroSword11/T_Blade_HeroSword_011_N.uasset" 410
"../../../../../../Unreal Projects/ProjectLevMyts/Content/InfinityBladeWeapons/Weapons/Blade/Swords/Blade_HeroSword11/T_Blade_HeroSword_012_D.uasset" 411
"../../../../../../Unreal Projects/ProjectLevMyts/Content/InfinityBladeWeapons/Weapons/Blade/Swords/Blade_HeroSword11/M_Blade_HeroSword11.uasset" 412
"../../../../../../Unreal Projects/ProjectLevMyts/Content/InfinityBladeWeapons/Weapons/Blade/Swords/Blade_HeroSword11/SK_Blade_HeroSword_01_Skeleton.uasset" 413
"../../../../../../Unreal Projects/ProjectLevMyts/Content/InfinityBladeWeapons/Weapons/Blade/Swords/Blade_HeroSword11/SK_Blade_HeroSword11.uasset" 414
"../../../../../../Unreal Projects/ProjectLevMyts/Content/Weapon/mELE2.uasset" 415
"../../../../../../Unreal Projects/ProjectLevMyts/Content/Dwnld/StarterContent/Textures/T_Tech_Hex_Tile_M.uasset" 416
"../../../../../../Unreal Projects/ProjectLevMyts/Content/Dwnld/StarterContent/Textures/T_Tech_Hex_Tile_N.uasset" 417
"../../../../../../Unreal Projects/ProjectLevMyts/Content/Dwnld/StarterContent/Materials/M_Tech_Hex_Tile.uasset" 418
"../../../../../../Unreal Projects/ProjectLevMyts/Content/Dwnld/StarterContent/Textures/T_MacroVariation.uasset" 419
"../../../../../../Unreal Projects/ProjectLevMyts/Content/Dwnld/StarterContent/Materials/M_Tech_Hex_Tile_Pulse.uasset" 420
"../../../Engine/Content/Functions/MaterialLayerFunctions/MatLayerBlend_AO.uasset" 421
"../../../../../../Unreal Projects/ProjectLevMyts/Content/Assets/AnimStarterPack/UE4_Mannequin/Materials/MaterialLayers/T_ML_Rubber_Blue_01_D.uasset" 422
"../../../../../../Unreal Projects/ProjectLevMyts/Content/Assets/AnimStarterPack/UE4_Mannequin/Materials/MaterialLayers/T_ML_Rubber_Blue_01_N.uasset" 423
"../../../../../../Unreal Projects/ProjectLevMyts/Content/Assets/AnimStarterPack/UE4_Mannequin/Materials/MaterialLayers/ML_GlossyBlack_Latex_UE4.uasset" 424
"../../../../../../Unreal Projects/ProjectLevMyts/Content/Assets/AnimStarterPack/UE4_Mannequin/Materials/MaterialLayers/ML_Plastic_Shiny_Beige.uasset" 425
"../../../../../../Unreal Projects/ProjectLevMyts/Content/Assets/AnimStarterPack/UE4_Mannequin/Textures/UE4_LOGO_CARD.uasset" 426
"../../../../../../Unreal Projects/ProjectLevMyts/Content/Assets/AnimStarterPack/UE4_Mannequin/Materials/MaterialLayers/ML_Plastic_Shiny_Beige_LOGO.uasset" 427
"../../../../../../Unreal Projects/ProjectLevMyts/Content/Assets/AnimStarterPack/UE4_Mannequin/Materials/MaterialLayers/T_ML_Aluminum01.uasset" 428
"../../../../../../Unreal Projects/ProjectLevMyts/Content/Assets/AnimStarterPack/UE4_Mannequin/Materials/MaterialLayers/T_ML_Aluminum01_N.uasset" 429
"../../../../../../Unreal Projects/ProjectLevMyts/Content/Assets/AnimStarterPack/UE4_Mannequin/Materials/MaterialLayers/ML_SoftMetal_UE4.uasset" 430
"../../../../../../Unreal Projects/ProjectLevMyts/Content/Assets/AnimStarterPack/UE4_Mannequin/Textures/UE4_Mannequin__normals.uasset" 431
"../../../../../../Unreal Projects/ProjectLevMyts/Content/Assets/AnimStarterPack/UE4_Mannequin/Textures/UE4_Mannequin_MAT_MASKA.uasset" 432
"../../../../../../Unreal Projects/ProjectLevMyts/Content/Assets/AnimStarterPack/UE4_Mannequin/Textures/UE4_Mannequin_occlusion_Mobile.uasset" 433
"../../../../../../Unreal Projects/ProjectLevMyts/Content/Assets/AnimStarterPack/UE4_Mannequin/Materials/M_UE4Man_Body.uasset" 434
"../../../../../../Unreal Projects/ProjectLevMyts/Content/Assets/AnimStarterPack/UE4_Mannequin/Textures/UE4Man_Logo_N.uasset" 435
"../../../../../../Unreal Projects/ProjectLevMyts/Content/Assets/AnimStarterPack/UE4_Mannequin/Materials/M_UE4Man_ChestLogo.uasset" 436
"../../../../../../Unreal Projects/ProjectLevMyts/Content/Assets/AnimStarterPack/UE4_Mannequin/Mesh/SK_Mannequin_PhysicsAsset.uasset" 437
"../../../../../../Unreal Projects/ProjectLevMyts/Content/Assets/AnimStarterPack/UE4_Mannequin/Mesh/Mainmesh.uasset" 438
"../../../../../../Unreal Projects/ProjectLevMyts/Content/Character/Jumper.uasset" 439
"../../../../../../Unreal Projects/ProjectLevMyts/Content/InfinityBladeWeapons/Weapons/Blade/Axes/Blade_SmAxe/T_Blade_SmAxe1_D.uasset" 440
"../../../../../../Unreal Projects/ProjectLevMyts/Content/InfinityBladeWeapons/Weapons/Blade/Axes/Blade_SmAxe/T_Blade_SmAxe1_N.uasset" 441
"../../../../../../Unreal Projects/ProjectLevMyts/Content/InfinityBladeWeapons/Weapons/Blade/Axes/Blade_SmAxe/T_Blade_SmAxe1_Mat.uasset" 442
"../../../../../../Unreal Projects/ProjectLevMyts/Content/Character/Enemie.uasset" 443
"../../../../../../Unreal Projects/ProjectLevMyts/Content/Character/Mycontrol.uasset" 444
"../../../../../../Unreal Projects/ProjectLevMyts/Content/GUI/mainGUI.uasset" 445
"../../../../../../Unreal Projects/ProjectLevMyts/Content/Character/AIM.uasset" 446
"../../../../../../Unreal Projects/ProjectLevMyts/Content/Weapon/shotgun.uasset" 447
"../../../../../../Unreal Projects/ProjectLevMyts/Content/Ai/Mainaicontroller.uasset" 448
"../../../../../../Unreal Projects/ProjectLevMyts/Content/Assets/AnimStarterPack/Aim_Space_Hip.uasset" 449
"../../../../../../Unreal Projects/ProjectLevMyts/Content/Character/Mygamemode.uasset" 450
"../../../../../../Unreal Projects/ProjectLevMyts/Content/Dwnld/FirstPerson/Character/Textures/UE4_Mannequin_MAT_MASKA.uasset" 451
"../../../../../../Unreal Projects/ProjectLevMyts/Content/Dwnld/FirstPerson/Character/Textures/UE4_Mannequin_MAT_MASKA_Mat.uasset" 452
"../../../../../../Unreal Projects/ProjectLevMyts/Content/Dwnld/StarterContent/Textures/T_Perlin_Noise_M.uasset" 453
"../../../../../../Unreal Projects/ProjectLevMyts/Content/Dwnld/StarterContent/Textures/T_Rock_Basalt_D.uasset" 454
"../../../../../../Unreal Projects/ProjectLevMyts/Content/Dwnld/StarterContent/Textures/T_Rock_Basalt_N.uasset" 455
"../../../../../../Unreal Projects/ProjectLevMyts/Content/Dwnld/StarterContent/Materials/M_Rock_Basalt.uasset" 456
"../../../../../../Unreal Projects/ProjectLevMyts/Content/Character/Paralizedbutnotuselessatall.uasset" 457
"../../../../../../Unreal Projects/ProjectLevMyts/Content/Dwnld/FirstPerson/Textures/FirstPersonCrosshair.uasset" 458
"../../../../../../Unreal Projects/ProjectLevMyts/Content/Dwnld/FirstPerson/Textures/FirstPersonCrosshair_Mat.uasset" 459
"../../../../../../Unreal Projects/ProjectLevMyts/Content/Character/Speedster.uasset" 460
"../../../../../../Unreal Projects/ProjectLevMyts/Content/Dwnld/Geometry/Meshes/CubeMaterial.uasset" 461
"../../../../../../Unreal Projects/ProjectLevMyts/Content/Dwnld/Geometry/Meshes/1M_Cube_Chamfer.uasset" 462
"../../../../../../Unreal Projects/ProjectLevMyts/Content/Mannequin/Character/Mesh/UE4_Mannequin_Skeleton.uasset" 463
"../../../../../../Unreal Projects/ProjectLevMyts/Content/Mannequin/Animations/ThirdPerson_Jump.uasset" 464
"../../../../../../Unreal Projects/ProjectLevMyts/Content/Mannequin/Animations/ThirdPersonJump_Loop.uasset" 465
"../../../../../../Unreal Projects/ProjectLevMyts/Content/Mannequin/Animations/ThirdPersonJump_Start.uasset" 466
"../../../../../../Unreal Projects/ProjectLevMyts/Content/Mannequin/Animations/ThirdPersonIdle.uasset" 467
"../../../../../../Unreal Projects/ProjectLevMyts/Content/Mannequin/Animations/ThirdPersonRun.uasset" 468
"../../../../../../Unreal Projects/ProjectLevMyts/Content/Mannequin/Animations/ThirdPersonWalk.uasset" 469
"../../../../../../Unreal Projects/ProjectLevMyts/Content/Mannequin/Animations/ThirdPerson_IdleRun_2D.uasset" 470
"../../../../../../Unreal Projects/ProjectLevMyts/Content/Mannequin/Animations/ThirdPerson_AnimBP.uasset" 471
"../../../../../../Unreal Projects/ProjectLevMyts/Content/Mannequin/Character/Materials/MaterialLayers/T_ML_Rubber_Blue_01_D.uasset" 472
"../../../../../../Unreal Projects/ProjectLevMyts/Content/Mannequin/Character/Materials/MaterialLayers/T_ML_Rubber_Blue_01_N.uasset" 473
"../../../../../../Unreal Projects/ProjectLevMyts/Content/Mannequin/Character/Materials/MaterialLayers/ML_GlossyBlack_Latex_UE4.uasset" 474
"../../../../../../Unreal Projects/ProjectLevMyts/Content/Mannequin/Character/Materials/MaterialLayers/ML_Plastic_Shiny_Beige.uasset" 475
"../../../../../../Unreal Projects/ProjectLevMyts/Content/Mannequin/Character/Textures/UE4_LOGO_CARD.uasset" 476
"../../../../../../Unreal Projects/ProjectLevMyts/Content/Mannequin/Character/Materials/MaterialLayers/ML_Plastic_Shiny_Beige_LOGO.uasset" 477
"../../../../../../Unreal Projects/ProjectLevMyts/Content/Mannequin/Character/Materials/MaterialLayers/T_ML_Aluminum01.uasset" 478
"../../../../../../Unreal Projects/ProjectLevMyts/Content/Mannequin/Character/Materials/MaterialLayers/T_ML_Aluminum01_N.uasset" 479
"../../../../../../Unreal Projects/ProjectLevMyts/Content/Mannequin/Character/Materials/MaterialLayers/ML_SoftMetal_UE4.uasset" 480
"../../../../../../Unreal Projects/ProjectLevMyts/Content/Mannequin/Character/Textures/UE4_Mannequin__normals.uasset" 481
"../../../../../../Unreal Projects/ProjectLevMyts/Content/Mannequin/Character/Textures/UE4_Mannequin_MAT_MASKA.uasset" 482
"../../../../../../Unreal Projects/ProjectLevMyts/Content/Mannequin/Character/Materials/M_UE4Man_Body.uasset" 483
"../../../../../../Unreal Projects/ProjectLevMyts/Content/Mannequin/Character/Textures/UE4Man_Logo_N.uasset" 484
"../../../../../../Unreal Projects/ProjectLevMyts/Content/Mannequin/Character/Materials/M_UE4Man_ChestLogo.uasset" 485
"../../../../../../Unreal Projects/ProjectLevMyts/Content/Mannequin/Character/Mesh/SK_Mannequin_PhysicsAsset.uasset" 486
"../../../../../../Unreal Projects/ProjectLevMyts/Content/Mannequin/Character/Mesh/SK_Mannequin.uasset" 487
"../../../../../../Unreal Projects/ProjectLevMyts/Content/Dwnld/SideScrollerBP/Blueprints/SideScrollerCharacter.uasset" 488
"../../../../../../Unreal Projects/ProjectLevMyts/Content/Dwnld/StarterContent/Materials/M_Basic_Floor.uasset" 489
"../../../../../../Unreal Projects/ProjectLevMyts/Content/Dwnld/StarterContent/Architecture/Floor_400x400.uasset" 490
"../../../../../../Unreal Projects/ProjectLevMyts/Content/Dwnld/StarterContent/Materials/M_Basic_Wall.uasset" 491
"../../../../../../Unreal Projects/ProjectLevMyts/Content/Dwnld/StarterContent/Architecture/Wall_400x200.uasset" 492
"../../../../../../Unreal Projects/ProjectLevMyts/Content/Dwnld/StarterContent/Architecture/Wall_400x300.uasset" 493
"../../../../../../Unreal Projects/ProjectLevMyts/Content/Dwnld/StarterContent/Audio/Explosion01.uasset" 494
"../../../../../../Unreal Projects/ProjectLevMyts/Content/Dwnld/StarterContent/Audio/Explosion02.uasset" 495
"../../../../../../Unreal Projects/ProjectLevMyts/Content/Dwnld/StarterContent/Textures/T_Brick_Clay_Beveled_D.uasset" 496
"../../../../../../Unreal Projects/ProjectLevMyts/Content/Dwnld/StarterContent/Textures/T_Brick_Clay_Beveled_M.uasset" 497
"../../../../../../Unreal Projects/ProjectLevMyts/Content/Dwnld/StarterContent/Textures/T_Brick_Clay_Beveled_N.uasset" 498
"../../../../../../Unreal Projects/ProjectLevMyts/Content/Dwnld/StarterContent/Materials/M_Brick_Clay_Beveled.uasset" 499
"../../../../../../Unreal Projects/ProjectLevMyts/Content/Dwnld/StarterContent/Textures/T_Brick_Clay_New_D.uasset" 500
"../../../../../../Unreal Projects/ProjectLevMyts/Content/Dwnld/StarterContent/Textures/T_Brick_Clay_New_M.uasset" 501
"../../../../../../Unreal Projects/ProjectLevMyts/Content/Dwnld/StarterContent/Textures/T_Brick_Clay_New_N.uasset" 502
"../../../../../../Unreal Projects/ProjectLevMyts/Content/Dwnld/StarterContent/Textures/T_Detail_Rocky_N.uasset" 503
"../../../../../../Unreal Projects/ProjectLevMyts/Content/Dwnld/StarterContent/Materials/M_Brick_Clay_New.uasset" 504
"../../../../../../Unreal Projects/ProjectLevMyts/Content/Dwnld/StarterContent/Textures/T_Ground_Grass_D.uasset" 505
"../../../../../../Unreal Projects/ProjectLevMyts/Content/Dwnld/StarterContent/Textures/T_Ground_Grass_N.uasset" 506
"../../../../../../Unreal Projects/ProjectLevMyts/Content/Dwnld/StarterContent/Materials/M_Ground_Grass.uasset" 507
"../../../../../../Unreal Projects/ProjectLevMyts/Content/Dwnld/StarterContent/Textures/T_Ground_Gravel_D.uasset" 508
"../../../../../../Unreal Projects/ProjectLevMyts/Content/Dwnld/StarterContent/Textures/T_Ground_Gravel_N.uasset" 509
"../../../../../../Unreal Projects/ProjectLevMyts/Content/Dwnld/StarterContent/Materials/M_Ground_Gravel.uasset" 510
"../../../../../../Unreal Projects/ProjectLevMyts/Content/Dwnld/StarterContent/Materials/M_Metal_Brushed_Nickel.uasset" 511
"../../../../../../Unreal Projects/ProjectLevMyts/Content/Dwnld/StarterContent/Textures/T_Metal_Gold_D.uasset" 512
"../../../../../../Unreal Projects/ProjectLevMyts/Content/Dwnld/StarterContent/Textures/T_Metal_Gold_N.uasset" 513
"../../../../../../Unreal Projects/ProjectLevMyts/Content/Dwnld/StarterContent/Materials/M_Metal_Gold.uasset" 514
"../../../../../../Unreal Projects/ProjectLevMyts/Content/Dwnld/StarterContent/Textures/T_Water_N.uasset" 515
"../../../../../../Unreal Projects/ProjectLevMyts/Content/Dwnld/StarterContent/Materials/M_Water_Lake.uasset" 516
"../../../../../../Unreal Projects/ProjectLevMyts/Content/Dwnld/StarterContent/Textures/T_Bush_D.uasset" 517
"../../../../../../Unreal Projects/ProjectLevMyts/Content/Dwnld/StarterContent/Textures/T_Bush_N.uasset" 518
"../../../../../../Unreal Projects/ProjectLevMyts/Content/Dwnld/StarterContent/Props/Materials/M_Bush.uasset" 519
"../../../../../../Unreal Projects/ProjectLevMyts/Content/Dwnld/StarterContent/Props/SM_Bush.uasset" 520
"../../../../../../Unreal Projects/ProjectLevMyts/Content/Dwnld/StarterContent/Textures/T_Chair_M.uasset" 521
"../../../../../../Unreal Projects/ProjectLevMyts/Content/Dwnld/StarterContent/Textures/T_Chair_N.uasset" 522
"../../../../../../Unreal Projects/ProjectLevMyts/Content/Dwnld/StarterContent/Props/Materials/M_Chair.uasset" 523
"../../../../../../Unreal Projects/ProjectLevMyts/Content/Dwnld/StarterContent/Props/SM_Chair.uasset" 524
"../../../../../../Unreal Projects/ProjectLevMyts/Content/Dwnld/StarterContent/Props/SM_GlassWindow.uasset" 525
"../../../../../../Unreal Projects/ProjectLevMyts/Content/Dwnld/StarterContent/Textures/T_Lamp_M.uasset" 526
"../../../../../../Unreal Projects/ProjectLevMyts/Content/Dwnld/StarterContent/Textures/T_Lamp_N.uasset" 527
"../../../../../../Unreal Projects/ProjectLevMyts/Content/Dwnld/StarterContent/Props/Materials/M_Lamp.uasset" 528
"../../../../../../Unreal Projects/ProjectLevMyts/Content/Dwnld/StarterContent/Props/SM_Lamp_Ceiling.uasset" 529
"../../../../../../Unreal Projects/ProjectLevMyts/Content/Dwnld/StarterContent/Textures/T_RockMesh_M.uasset" 530
"../../../../../../Unreal Projects/ProjectLevMyts/Content/Dwnld/StarterContent/Textures/T_RockMesh_N.uasset" 531
"../../../../../../Unreal Projects/ProjectLevMyts/Content/Dwnld/StarterContent/Props/Materials/M_Rock.uasset" 532
"../../../../../../Unreal Projects/ProjectLevMyts/Content/Dwnld/StarterContent/Props/SM_Rock.uasset" 533
"../../../../../../Unreal Projects/ProjectLevMyts/Content/Dwnld/StarterContent/Props/SM_Stairs.uasset" 534
"../../../../../../Unreal Projects/ProjectLevMyts/Content/Dwnld/StarterContent/Textures/T_TableRound_M.uasset" 535
"../../../../../../Unreal Projects/ProjectLevMyts/Content/Dwnld/StarterContent/Textures/T_TableRound_N.uasset" 536
"../../../../../../Unreal Projects/ProjectLevMyts/Content/Dwnld/StarterContent/Props/Materials/M_TableRound.uasset" 537
"../../../../../../Unreal Projects/ProjectLevMyts/Content/Dwnld/StarterContent/Props/SM_TableRound.uasset" 538
"../../../../../../Unreal Projects/ProjectLevMyts/Content/Dwnld/StarterContent/Props/SM_WindowFrame.uasset" 539
"../../../../../../Unreal Projects/ProjectLevMyts/Content/Dwnld/Geometry/Meshes/1M_Cube.uasset" 540
"../../../../../../Unreal Projects/ProjectLevMyts/Content/Dwnld/Geometry/Meshes/1M_Cube_DM.uasset" 541
"../../../../../../Unreal Projects/ProjectLevMyts/Content/interact/destroyableclass.uasset" 542
"../../../../../../Unreal Projects/ProjectLevMyts/Content/Dwnld/StarterContent/Textures/T_Shelf_M.uasset" 543
"../../../../../../Unreal Projects/ProjectLevMyts/Content/Dwnld/StarterContent/Textures/T_Shelf_N.uasset" 544
"../../../../../../Unreal Projects/ProjectLevMyts/Content/Dwnld/StarterContent/Props/Materials/M_Shelf.uasset" 545
"../../../../../../Unreal Projects/ProjectLevMyts/Content/Assets/Staticmeshes/Gexagen.uasset" 546
"../../../../../../Unreal Projects/ProjectLevMyts/Content/interact/HoverActor.uasset" 547
"../../../../../../Unreal Projects/ProjectLevMyts/Content/lvls/grass_LayerInfo.uasset" 548
"../../../../../../Unreal Projects/ProjectLevMyts/Content/lvls/ground_LayerInfo.uasset" 549
"../../../../../../Unreal Projects/ProjectLevMyts/Content/Dwnld/StarterContent/Textures/T_Rock_Sandstone_D.uasset" 550
"../../../../../../Unreal Projects/ProjectLevMyts/Content/Dwnld/StarterContent/Textures/T_Rock_Sandstone_N.uasset" 551
"../../../../../../Unreal Projects/ProjectLevMyts/Content/lvls/newone.uasset" 552
"../../../../../../Unreal Projects/ProjectLevMyts/Content/lvls/skyeng_LayerInfo.uasset" 553
"../../../../../../Unreal Projects/ProjectLevMyts/Content/lvls/Sphere.uasset" 554
"../../../Engine/Content/BasicShapes/BasicShapeMaterial.uasset" 555
"../../../Engine/Content/BasicShapes/Cube.uasset" 556
"../../../../../../Unreal Projects/ProjectLevMyts/Content/Specialzones/Lava.uasset" 557
"../../../../../../Unreal Projects/ProjectLevMyts/Content/Specialzones/Safezone.uasset" 558
"../../../../../../Unreal Projects/ProjectLevMyts/Content/Specialzones/Firsaidkit.uasset" 559
"../../../../../../Unreal Projects/ProjectLevMyts/Content/Weapon/AR.uasset" 560
"../../../../../../Unreal Projects/ProjectLevMyts/Content/Weapon/Gravitygrenade.uasset" 561
"../../../../../../Unreal Projects/ProjectLevMyts/Content/InfinityBladeWeapons/Weapons/Weapon_ForgingHammers/T_ForgeHammer_02_D.uasset" 562
"../../../../../../Unreal Projects/ProjectLevMyts/Content/InfinityBladeWeapons/Weapons/Weapon_ForgingHammers/T_ForgeHammer_02_N.uasset" 563
"../../../../../../Unreal Projects/ProjectLevMyts/Content/InfinityBladeWeapons/Weapons/Weapon_ForgingHammers/M_ForgeHammer_02.uasset" 564
"../../../../../../Unreal Projects/ProjectLevMyts/Content/Weapon/gravitylauncher.uasset" 565
"../../Plugins/2D/Paper2D/Content/PlaceholderTextures/DummySpriteTexture.uasset" 566
"../../Plugins/2D/Paper2D/Content/DummySprite.uasset" 567
"../../Plugins/2D/Paper2D/Content/DefaultPaperTerrainMaterial.uasset" 568
"../../Plugins/2D/Paper2D/Content/DefaultSpriteMaterial.uasset" 569
"../../Plugins/2D/Paper2D/Content/MaskedUnlitSpriteMaterial.uasset" 570
"../../Plugins/2D/Paper2D/Content/OpaqueUnlitSpriteMaterial.uasset" 571
"../../Plugins/Runtime/Oculus/OculusVR/Content/OculusMR_RenderTarget.uasset" 572
"../../../Engine/Content/Functions/Engine_MaterialFunctions02/Utility/BreakOutFloat4Components.uasset" 573
"../../Plugins/Runtime/Oculus/OculusVR/Content/Materials/OculusMR_ChromaKey.uasset" 574
"../../Plugins/Runtime/Oculus/OculusVR/Content/Materials/OculusMR_ChromaKey_Lit.uasset" 575
"../../Plugins/Runtime/Oculus/OculusVR/Content/Materials/OculusMR_OpaqueColoredMaterial.uasset" 576
"../../Plugins/Runtime/Oculus/OculusVR/Content/Materials/OculusMR_WhiteMaterial.uasset" 577
"../../../Engine/Content/Maps/Entry_BuiltData.uasset" 578
"../../../Engine/Content/Maps/Entry.umap" 579
"../../../Engine/Content/EngineSky/C_Sky_Cloud_Color.uasset" 580
"../../../Engine/Content/EngineSky/C_Sky_Horizon_Color.uasset" 581
"../../../Engine/Content/EngineSky/C_Sky_Zenith_Color.uasset" 582
"../../../Engine/Content/EngineSky/T_Sky_Blue.uasset" 583
"../../../Engine/Content/EngineSky/T_Sky_Clouds_M.uasset" 584
"../../../Engine/Content/EngineSky/T_Sky_Stars.uasset" 585
"../../../Engine/Content/EngineSky/M_Sky_Panning_Clouds2.uasset" 586
"../../../Engine/Content/EngineSky/SM_SkySphere.uasset" 587
"../../../Engine/Content/EngineSky/BP_Sky_Sphere.uasset" 588
"../../../Engine/Content/Maps/Templates/Template_Default_BuiltData.uasset" 589
"../../../Engine/Content/MapTemplates/SM_Template_Map_Floor.uasset" 590
"../../../Engine/Content/Maps/Templates/Template_Default.umap" 591
"../../../../../../Unreal Projects/ProjectLevMyts/Content/Dwnld/FirstPerson/Character/Mesh/SK_Mannequin_Arms_Skeleton.uasset" 592
"../../../../../../Unreal Projects/ProjectLevMyts/Content/Dwnld/FirstPerson/Animations/FirstPerson_Idle.uasset" 593
"../../../../../../Unreal Projects/ProjectLevMyts/Content/Dwnld/FirstPerson/Animations/FirstPerson_JumpEnd.uasset" 594
"../../../../../../Unreal Projects/ProjectLevMyts/Content/Dwnld/FirstPerson/Animations/FirstPerson_JumpLoop.uasset" 595
"../../../../../../Unreal Projects/ProjectLevMyts/Content/Dwnld/FirstPerson/Animations/FirstPerson_JumpStart.uasset" 596
"../../../../../../Unreal Projects/ProjectLevMyts/Content/Dwnld/FirstPerson/Animations/FirstPerson_Run.uasset" 597
"../../../../../../Unreal Projects/ProjectLevMyts/Content/Dwnld/FirstPerson/Animations/FirstPerson_AnimBP.uasset" 598
"../../../../../../Unreal Projects/ProjectLevMyts/Content/Dwnld/FirstPerson/Animations/FirstPerson_Fire.uasset" 599
"../../../../../../Unreal Projects/ProjectLevMyts/Content/Dwnld/FirstPerson/Animations/FirstPersonFire_Montage.uasset" 600
"../../../../../../Unreal Projects/ProjectLevMyts/Content/Dwnld/FirstPerson/Audio/FirstPersonTemplateWeaponFire02.uasset" 601
"../../../../../../Unreal Projects/ProjectLevMyts/Content/Dwnld/FirstPerson/Character/Materials/MaterialLayers/T_ML_Rubber_Blue_01_D.uasset" 602
"../../../../../../Unreal Projects/ProjectLevMyts/Content/Dwnld/FirstPerson/Character/Materials/MaterialLayers/T_ML_Rubber_Blue_01_N.uasset" 603
"../../../../../../Unreal Projects/ProjectLevMyts/Content/Dwnld/FirstPerson/Character/Materials/MaterialLayers/ML_GlossyBlack_Latex_UE4.uasset" 604
"../../../../../../Unreal Projects/ProjectLevMyts/Content/Dwnld/FirstPerson/Character/Materials/MaterialLayers/ML_Plastic_Shiny_Beige.uasset" 605
"../../../../../../Unreal Projects/ProjectLevMyts/Content/Dwnld/FirstPerson/Character/Textures/UE4_LOGO_CARD.uasset" 606
"../../../../../../Unreal Projects/ProjectLevMyts/Content/Dwnld/FirstPerson/Character/Materials/MaterialLayers/ML_Plastic_Shiny_Beige_LOGO.uasset" 607
"../../../../../../Unreal Projects/ProjectLevMyts/Content/Dwnld/FirstPerson/Character/Materials/MaterialLayers/T_ML_Aluminum01.uasset" 608
"../../../../../../Unreal Projects/ProjectLevMyts/Content/Dwnld/FirstPerson/Character/Materials/MaterialLayers/T_ML_Aluminum01_N.uasset" 609
"../../../../../../Unreal Projects/ProjectLevMyts/Content/Dwnld/FirstPerson/Character/Materials/MaterialLayers/ML_SoftMetal_UE4.uasset" 610
"../../../../../../Unreal Projects/ProjectLevMyts/Content/Dwnld/FirstPerson/Character/Textures/UE4_Mannequin__normals.uasset" 611
"../../../../../../Unreal Projects/ProjectLevMyts/Content/Dwnld/FirstPerson/Character/Materials/M_UE4Man_Body.uasset" 612
"../../../../../../Unreal Projects/ProjectLevMyts/Content/Dwnld/FirstPerson/Character/Mesh/SK_Mannequin_Arms_PhysicsAsset.uasset" 613
"../../../../../../Unreal Projects/ProjectLevMyts/Content/Dwnld/FirstPerson/Character/Mesh/SK_Mannequin_Arms.uasset" 614
"../../../../../../Unreal Projects/ProjectLevMyts/Content/Dwnld/FirstPersonBP/Blueprints/FirstPersonCharacter.uasset" 615
"../../../Engine/Content/EngineMaterials/AntiAliasedTextMaterialTranslucent.uasset" 616
"../../../../../../Unreal Projects/ProjectLevMyts/Content/Dwnld/FirstPerson/Meshes/CubeMaterialOverride.uasset" 617
"../../../../../../Unreal Projects/ProjectLevMyts/Content/Dwnld/FirstPersonBP/Maps/FirstPersonExampleMap.umap" 618
"../../../../../../Unreal Projects/ProjectLevMyts/Content/GUI/Vampires.uasset" 619
"../../../../../../Unreal Projects/ProjectLevMyts/Content/GUI/NewFont.uasset" 620
"../../../../../../Unreal Projects/ProjectLevMyts/Content/pictures/dark-vampire-14554.uasset" 621
"../../../../../../Unreal Projects/ProjectLevMyts/Content/GUI/Menu.uasset" 622
"../../../../../../Unreal Projects/ProjectLevMyts/Content/lvls/MainMenu.umap" 623
